
> restaurant@1.1.0 build
> ng build

[33m>[39m Building...
[32m√[39m Building...
[1mInitial chunk files[22m[2m | [22m[1mNames[22m                       [2m | [22m [1mRaw size[22m[2m | [22m[1mEstimated transfer size[22m
[32mchunk-VO53E75U.js[39m  [2m | [22m[2m-[22m                           [2m | [22m[36m289.35 kB[39m[2m | [22m               [36m78.73 kB[39m
[32mstyles-GHFSOA2A.css[39m[2m | [22m[2mstyles[22m                      [2m | [22m [36m61.83 kB[39m[2m | [22m                [36m8.72 kB[39m
[32mmain-HPCZPVUN.js[39m   [2m | [22m[2mmain[22m                        [2m | [22m  [36m3.23 kB[39m[2m | [22m                [36m1.15 kB[39m
[32mchunk-SWHLUJYO.js[39m  [2m | [22m[2m-[22m                           [2m | [22m  [36m1.39 kB[39m[2m | [22m              [36m573 bytes[39m
[32mchunk-ETUD4U6A.js[39m  [2m | [22m[2m-[22m                           [2m | [22m  [36m1.08 kB[39m[2m | [22m              [36m511 bytes[39m
[32mchunk-V7UZ73JI.js[39m  [2m | [22m[2m-[22m                           [2m | [22m[36m645 bytes[39m[2m | [22m              [36m645 bytes[39m

[1m [22m                  [2m | [22m[1mInitial total[22m               [2m | [22m[1m357.53 kB[22m[2m | [22m               [1m90.33 kB[22m

[1mLazy chunk files[22m   [2m | [22m[1mNames[22m                       [2m | [22m [1mRaw size[22m[2m | [22m[1mEstimated transfer size[22m
[32mchunk-QJKQBLMK.js[39m  [2m | [22m[2m-[22m                           [2m | [22m [36m48.45 kB[39m[2m | [22m                [36m9.59 kB[39m
[32mchunk-CAXYTORF.js[39m  [2m | [22m[2mpos-page-component[22m          [2m | [22m [36m41.25 kB[39m[2m | [22m                [36m9.76 kB[39m
[32mchunk-RL75VXI6.js[39m  [2m | [22m[2mmain-layout-component[22m       [2m | [22m [36m21.31 kB[39m[2m | [22m                [36m5.09 kB[39m
[32mchunk-XXGFJZYW.js[39m  [2m | [22m[2minventory-page-component[22m    [2m | [22m [36m20.57 kB[39m[2m | [22m                [36m4.86 kB[39m
[32mchunk-6IQFTQOZ.js[39m  [2m | [22m[2mproducts-page-component[22m     [2m | [22m [36m19.67 kB[39m[2m | [22m                [36m4.81 kB[39m
[32mchunk-UILKL63M.js[39m  [2m | [22m[2m-[22m                           [2m | [22m [36m18.63 kB[39m[2m | [22m                [36m4.92 kB[39m
[32mchunk-GMG4ZU3S.js[39m  [2m | [22m[2musers-page-component[22m        [2m | [22m [36m17.10 kB[39m[2m | [22m                [36m4.69 kB[39m
[32mchunk-JBIZVVRC.js[39m  [2m | [22m[2minvoices-page-component[22m     [2m | [22m [36m15.59 kB[39m[2m | [22m                [36m4.52 kB[39m
[32mchunk-A3V7JUK5.js[39m  [2m | [22m[2mtables-page-component[22m       [2m | [22m [36m14.29 kB[39m[2m | [22m                [36m4.10 kB[39m
[32mchunk-LNTJI5GL.js[39m  [2m | [22m[2mroles-page-component[22m        [2m | [22m [36m12.75 kB[39m[2m | [22m                [36m3.82 kB[39m
[32mchunk-NUANZFSW.js[39m  [2m | [22m[2msetup[22m                       [2m | [22m [36m12.26 kB[39m[2m | [22m                [36m2.74 kB[39m
[32mchunk-TPZP5ATP.js[39m  [2m | [22m[2mtaxes-page-component[22m        [2m | [22m [36m12.04 kB[39m[2m | [22m                [36m3.68 kB[39m
[32mchunk-HD5D4PDN.js[39m  [2m | [22m[2mcash-register-page-component[22m[2m | [22m [36m12.02 kB[39m[2m | [22m                [36m3.33 kB[39m
[32mchunk-S6ZGG2D3.js[39m  [2m | [22m[2mbranches-page-component[22m     [2m | [22m [36m11.83 kB[39m[2m | [22m                [36m3.38 kB[39m
[32mchunk-YOEP7XAD.js[39m  [2m | [22m[2mcategories-page-component[22m   [2m | [22m [36m11.24 kB[39m[2m | [22m                [36m3.25 kB[39m
[2m...and 14 more lazy chunks files. Use "--verbose" to show all the files.[22m

Application bundle generation complete. [27.230 seconds] - 2026-03-10T23:58:16.790Z

Output location: D:\Proyectos\Restaurante\fe\dist\fe

