
    src/app/core/services/branch.service.ts:4:9:
    src/app/core/services/cart.service.ts:133:35:
    src/app/core/services/cart.service.ts:139:39:
    src/app/core/services/cart.service.ts:144:50:
    src/app/core/services/cart.service.ts:151:39:
    src/app/core/services/cart.service.ts:168:31:
    src/app/core/services/cart.service.ts:174:43:
    src/app/core/services/catalogue.service.ts:4:9:
    src/app/core/services/catalogue.service.ts:4:19:
    src/app/core/models/pos.models.ts:1:9:
    src/app/core/services/dashboard.service.ts:5:9:
    src/app/core/models/pos.models.ts:1:9:
    src/app/core/services/dashboard.service.ts:5:18:
    src/app/core/services/inventory.service.ts:6:9:
    src/app/core/services/inventory.service.ts:6:20:
    src/app/core/services/inventory.service.ts:6:31:
    src/app/core/models/pos.models.ts:1:9:
    src/app/core/services/table.service.ts:6:9:
    src/app/core/services/tax.service.ts:4:9:
    src/app/core/models/pos.models.ts:1:18:
    src/app/core/services/user.service.ts:4:9:
    src/app/features/admin/branches-page/branches-page.component.ts:50:16:
    src/app/features/admin/branches-page/branches-page.component.ts:24:8:
    src/app/features/admin/branches-page/branches-page.component.ts:72:46:
    src/app/features/admin/inventory-page/inventory-page.component.html:74:77:
    src/app/features/admin/inventory-page/inventory-page.component.ts:17:17:
    src/app/features/admin/inventory-page/inventory-page.component.html:76:79:
    src/app/features/admin/inventory-page/inventory-page.component.ts:17:17:
    src/app/features/admin/inventory-page/inventory-page.component.html:79:82:
    src/app/features/admin/inventory-page/inventory-page.component.ts:17:17:
    src/app/features/admin/inventory-page/inventory-page.component.html:79:82:
    src/app/features/admin/inventory-page/inventory-page.component.ts:17:17:
    src/app/features/admin/inventory-page/inventory-page.component.html:79:112:
    src/app/features/admin/inventory-page/inventory-page.component.ts:17:17:
    src/app/features/admin/inventory-page/inventory-page.component.html:80:38:
    src/app/features/admin/inventory-page/inventory-page.component.ts:17:17:
    src/app/features/admin/inventory-page/inventory-page.component.html:80:38:
    src/app/features/admin/inventory-page/inventory-page.component.ts:17:17:
    src/app/features/admin/inventory-page/inventory-page.component.html:80:68:
    src/app/features/admin/inventory-page/inventory-page.component.ts:17:17:
    src/app/features/admin/inventory-page/inventory-page.component.html:119:47:
    src/app/features/admin/inventory-page/inventory-page.component.ts:17:17:
    src/app/features/admin/inventory-page/inventory-page.component.html:195:79:
    src/app/features/admin/inventory-page/inventory-page.component.ts:17:17:
    src/app/features/admin/inventory-page/inventory-page.component.html:196:65:
    src/app/features/admin/inventory-page/inventory-page.component.ts:17:17:
    src/app/features/admin/inventory-page/inventory-page.component.html:198:79:
    src/app/features/admin/inventory-page/inventory-page.component.ts:17:17:
    src/app/features/admin/inventory-page/inventory-page.component.ts:121:25:
    src/app/core/api/model/warehouse.ts:20:4:
    src/app/features/admin/inventory-page/inventory-page.component.ts:188:12:
    src/app/core/services/inventory.service.ts:53:8:
    src/app/features/admin/inventory-page/inventory-page.component.ts:188:23:
    src/app/features/admin/tables-page/tables-page.component.html:97:45:
    src/app/features/admin/tables-page/tables-page.component.ts:12:17:
    src/app/features/admin/tables-page/tables-page.component.html:119:53:
    src/app/features/admin/tables-page/tables-page.component.ts:12:17:
    src/app/features/admin/tables-page/tables-page.component.ts:41:12:
    src/app/features/admin/tables-page/tables-page.component.ts:42:12:
    src/app/features/admin/tables-page/tables-page.component.ts:43:12:
    src/app/features/admin/tables-page/tables-page.component.ts:86:16:
    src/app/features/admin/tables-page/tables-page.component.ts:29:8:
    src/app/features/admin/tables-page/tables-page.component.ts:87:16:
    src/app/features/admin/tables-page/tables-page.component.ts:30:8:
    src/app/features/admin/tables-page/tables-page.component.ts:88:16:
    src/app/features/admin/tables-page/tables-page.component.ts:31:8:
    src/app/features/admin/tables-page/tables-page.component.ts:111:12:
    src/app/features/admin/tables-page/tables-page.component.ts:115:44:
    src/app/features/admin/taxes-page/taxes-page.component.ts:39:16:
    src/app/features/admin/taxes-page/taxes-page.component.ts:22:8:
    src/app/features/admin/taxes-page/taxes-page.component.ts:40:16:
    src/app/features/admin/taxes-page/taxes-page.component.ts:23:8:
    src/app/features/admin/taxes-page/taxes-page.component.ts:41:16:
    src/app/features/admin/taxes-page/taxes-page.component.ts:24:8:
    src/app/features/admin/taxes-page/taxes-page.component.ts:64:40:
    src/app/features/admin/taxes-page/taxes-page.component.ts:90:34:
    src/app/features/admin/users-page/users-page.component.ts:63:26:
    src/app/features/admin/users-page/users-page.component.ts:69:19:
    src/app/features/admin/users-page/users-page.component.ts:73:26:
    src/app/features/admin/users-page/users-page.component.ts:79:19:
    src/app/features/admin/users-page/users-page.component.ts:97:16:
    src/app/features/admin/users-page/users-page.component.ts:30:8:
    src/app/features/admin/users-page/users-page.component.ts:98:31:
    src/app/core/api/model/user.ts:23:4:
    src/app/features/admin/users-page/users-page.component.ts:101:68:
    src/app/features/admin/users-page/users-page.component.ts:30:8:
    src/app/features/admin/users-page/users-page.component.ts:125:20:
    src/app/features/admin/users-page/users-page.component.ts:129:42:
    src/app/features/admin/users-page/users-page.component.ts:171:36:
    src/app/features/catalog/categories-page/categories-page.component.ts:48:16:
    src/app/features/catalog/categories-page/categories-page.component.ts:24:8:
    src/app/features/catalog/categories-page/categories-page.component.ts:69:51:
    src/app/features/catalog/products-page/products-page.component.ts:79:8:
    src/app/features/catalog/products-page/products-page.component.ts:30:4:
    src/app/features/catalog/products-page/products-page.component.ts:81:8:
    src/app/features/catalog/products-page/products-page.component.ts:32:4:
    src/app/features/catalog/products-page/products-page.component.ts:82:28:
    src/app/core/api/model/product.ts:22:4:
    src/app/features/catalog/products-page/products-page.component.ts:83:8:
    src/app/features/catalog/products-page/products-page.component.ts:34:4:
    src/app/features/catalog/products-page/products-page.component.ts:84:8:
    src/app/features/catalog/products-page/products-page.component.ts:35:4:
    src/app/features/catalog/products-page/products-page.component.ts:85:8:
    src/app/features/catalog/products-page/products-page.component.ts:36:4:
    src/app/features/catalog/products-page/products-page.component.ts:115:6:
    src/app/features/catalog/products-page/products-page.component.ts:122:44:
    src/app/features/catalog/products-page/products-page.component.ts:179:41:
    src/app/features/invoices/invoice-detail-modal/invoice-detail-modal.component.ts:29:6:
    src/app/core/services/ticket-print.service.ts:30:2:
    src/app/features/invoices/invoice-detail-modal/invoice-detail-modal.component.ts:30:6:
    src/app/core/services/ticket-print.service.ts:13:2:
    src/app/features/invoices/invoice-detail-modal/invoice-detail-modal.component.ts:33:6:
    src/app/core/services/ticket-print.service.ts:16:2:
    src/app/features/invoices/invoice-detail-modal/invoice-detail-modal.component.ts:40:59:
    src/app/features/invoices/invoice-detail-modal/invoice-detail-modal.component.ts:41:55:
    src/app/features/invoices/invoice-detail-modal/invoice-detail-modal.component.ts:42:6:
    src/app/core/services/ticket-print.service.ts:19:2:
    src/app/features/invoices/invoice-detail-modal/invoice-detail-modal.component.ts:68:6:
    src/app/core/services/ticket-print.service.ts:13:2:
    src/app/features/invoices/invoice-detail-modal/invoice-detail-modal.component.ts:71:6:
    src/app/core/services/ticket-print.service.ts:16:2:
    src/app/features/invoices/invoice-detail-modal/invoice-detail-modal.component.ts:78:27:
    src/app/features/invoices/invoice-detail-modal/invoice-detail-modal.component.ts:79:28:
    src/app/features/invoices/invoice-detail-modal/invoice-detail-modal.component.ts:80:6:
    src/app/core/services/ticket-print.service.ts:19:2:
    src/app/features/invoices/invoices-page/invoices-page.component.html:62:36:
    src/app/features/invoices/invoices-page/invoices-page.component.ts:13:15:
    src/app/features/invoices/invoices-page/invoices-page.component.html:64:78:
    src/app/features/invoices/invoices-page/invoices-page.component.ts:13:15:
    src/app/features/invoices/invoices-page/invoices-page.component.html:70:35:
    src/app/features/invoices/invoices-page/invoices-page.component.ts:13:15:
    src/app/features/invoices/invoices-page/invoices-page.component.html:72:39:
    src/app/features/invoices/invoices-page/invoices-page.component.ts:13:15:
    src/app/features/invoices/invoices-page/invoices-page.component.ts:29:6:
    src/app/features/invoices/invoices-page/invoices-page.component.ts:30:13:
    src/app/features/invoices/invoices-page/invoices-page.component.ts:31:13:
    src/app/features/invoices/invoices-page/invoices-page.component.ts:37:64:
    src/app/features/pos/product-grid/product-grid.component.html:27:35:
    src/app/features/pos/product-grid/product-grid.component.ts:12:15:
    src/app/features/pos/product-grid/product-grid.component.html:28:34:
    src/app/features/pos/product-grid/product-grid.component.ts:12:15:

